<?xml version="1.0" encoding="UTF-8"?>
<testng-results total="1" passed="1" failed="0" skipped="0">
  <reporter-output>
  </reporter-output>
  <suite started-at="2024-12-22T09:24:29Z" name="Default suite" finished-at="2024-12-22T09:24:56Z" duration-ms="27625">
    <groups>
    </groups>
    <test started-at="2024-12-22T09:24:29Z" name="Default test" finished-at="2024-12-22T09:24:56Z" duration-ms="27625">
      <class name="com.selenium.Testing.JavascriptCountdown">
        <test-method is-config="true" signature="beforeSuite()[pri:0, instance:com.selenium.Testing.JavascriptCountdown@5b247367]" started-at="2024-12-22T14:54:29Z" name="beforeSuite" finished-at="2024-12-22T14:54:29Z" duration-ms="6" status="PASS">
          <reporter-output>
          </reporter-output>
        </test-method> <!-- beforeSuite -->
        <test-method is-config="true" signature="beforeTest()[pri:0, instance:com.selenium.Testing.JavascriptCountdown@5b247367]" started-at="2024-12-22T14:54:29Z" name="beforeTest" finished-at="2024-12-22T14:54:30Z" duration-ms="1177" status="PASS">
          <reporter-output>
          </reporter-output>
        </test-method> <!-- beforeTest -->
        <test-method is-config="true" signature="beforeClass()[pri:0, instance:com.selenium.Testing.JavascriptCountdown@5b247367]" started-at="2024-12-22T14:54:30Z" name="beforeClass" finished-at="2024-12-22T14:54:30Z" duration-ms="604" status="PASS">
          <reporter-output>
          </reporter-output>
        </test-method> <!-- beforeClass -->
        <test-method signature="testFormAndActions()[pri:0, instance:com.selenium.Testing.JavascriptCountdown@5b247367]" started-at="2024-12-22T14:54:30Z" name="testFormAndActions" finished-at="2024-12-22T14:54:56Z" duration-ms="25690" status="PASS">
          <reporter-output>
          </reporter-output>
        </test-method> <!-- testFormAndActions -->
        <test-method is-config="true" signature="beforeMethod()[pri:0, instance:com.selenium.Testing.JavascriptCountdown@5b247367]" started-at="2024-12-22T14:54:30Z" name="beforeMethod" finished-at="2024-12-22T14:54:30Z" duration-ms="0" status="PASS">
          <reporter-output>
          </reporter-output>
        </test-method> <!-- beforeMethod -->
        <test-method is-config="true" signature="afterClass()[pri:0, instance:com.selenium.Testing.JavascriptCountdown@5b247367]" started-at="2024-12-22T14:54:56Z" name="afterClass" finished-at="2024-12-22T14:54:56Z" duration-ms="143" status="PASS">
          <reporter-output>
          </reporter-output>
        </test-method> <!-- afterClass -->
        <test-method is-config="true" signature="afterMethod()[pri:0, instance:com.selenium.Testing.JavascriptCountdown@5b247367]" started-at="2024-12-22T14:54:56Z" name="afterMethod" finished-at="2024-12-22T14:54:56Z" duration-ms="0" status="PASS">
          <reporter-output>
          </reporter-output>
        </test-method> <!-- afterMethod -->
        <test-method is-config="true" signature="afterTest()[pri:0, instance:com.selenium.Testing.JavascriptCountdown@5b247367]" started-at="2024-12-22T14:54:56Z" name="afterTest" finished-at="2024-12-22T14:54:56Z" duration-ms="1" status="PASS">
          <reporter-output>
          </reporter-output>
        </test-method> <!-- afterTest -->
        <test-method is-config="true" signature="afterSuite()[pri:0, instance:com.selenium.Testing.JavascriptCountdown@5b247367]" started-at="2024-12-22T14:54:56Z" name="afterSuite" finished-at="2024-12-22T14:54:56Z" duration-ms="0" status="PASS">
          <reporter-output>
          </reporter-output>
        </test-method> <!-- afterSuite -->
      </class> <!-- com.selenium.Testing.JavascriptCountdown -->
    </test> <!-- Default test -->
  </suite> <!-- Default suite -->
</testng-results>
